At 2016-02-21 20:56:55,861 
INFO: System Event Logger Initialized.
At 2016-02-21 20:56:55,861 
INFO: Main Software Initialized.
At 2016-02-21 20:56:55,861 
INFO: Game successfully instantiated and sounds/art assets loaded.
At 2016-02-21 20:56:57,219 
INFO: Game Exited!
************************************************************
At 2016-02-21 22:22:23,865 
INFO: System Event Logger Initialized.
At 2016-02-21 22:22:23,865 
INFO: Main Software Initialized.
At 2016-02-21 22:22:23,865 
INFO: Game successfully instantiated and sounds/art assets loaded.
At 2016-02-21 22:22:52,770 
INFO: Game Exited!
************************************************************
At 2016-02-21 22:24:49,226 
INFO: System Event Logger Initialized.
At 2016-02-21 22:24:49,226 
INFO: Main Software Initialized.
At 2016-02-21 22:24:49,226 
INFO: Game successfully instantiated and sounds/art assets loaded.
At 2016-02-21 22:27:36,451 
INFO: Game Exited!
************************************************************
At 2016-02-21 22:32:07,290 
INFO: System Event Logger Initialized.
At 2016-02-21 22:32:07,290 
INFO: Main Software Initialized.
At 2016-02-21 22:32:07,290 
INFO: Game successfully instantiated and sounds/art assets loaded.
At 2016-02-21 22:32:14,586 
INFO: Game Exited!
************************************************************
At 2016-02-21 23:36:20,190 
INFO: System Event Logger Initialized.
At 2016-02-21 23:36:20,206 
INFO: Main Software Initialized.
At 2016-02-21 23:36:20,206 
INFO: Game successfully instantiated and sounds/art assets loaded.
At 2016-02-21 23:37:32,723 
INFO: Game Exited!
************************************************************
At 2016-02-21 23:38:47,960 
INFO: System Event Logger Initialized.
At 2016-02-21 23:38:47,960 
INFO: Main Software Initialized.
At 2016-02-21 23:38:47,960 
INFO: Game successfully instantiated and sounds/art assets loaded.
At 2016-02-21 23:39:34,611 
INFO: Game Exited!
************************************************************
At 2016-02-21 23:40:38,911 
INFO: System Event Logger Initialized.
At 2016-02-21 23:40:38,911 
INFO: Main Software Initialized.
At 2016-02-21 23:40:38,911 
INFO: Game successfully instantiated and sounds/art assets loaded.
At 2016-02-21 23:40:48,355 
INFO: Game Exited!
************************************************************
At 2016-02-21 23:41:16,216 
INFO: System Event Logger Initialized.
At 2016-02-21 23:41:16,216 
INFO: Main Software Initialized.
At 2016-02-21 23:41:16,216 
INFO: Game successfully instantiated and sounds/art assets loaded.
At 2016-02-21 23:41:20,483 
INFO: Game Exited!
************************************************************
At 2016-02-22 00:05:29,190 
INFO: System Event Logger Initialized.
At 2016-02-22 00:05:29,190 
INFO: Main Software Initialized.
At 2016-02-22 00:05:29,190 
INFO: Game successfully instantiated and sounds/art assets loaded.
At 2016-02-22 00:05:45,770 
INFO: Game Exited!
************************************************************
At 2016-02-22 00:06:18,691 
INFO: System Event Logger Initialized.
At 2016-02-22 00:06:18,691 
INFO: Main Software Initialized.
At 2016-02-22 00:06:18,691 
INFO: Game successfully instantiated and sounds/art assets loaded.
At 2016-02-22 00:06:23,331 
INFO: Game Exited!
************************************************************
At 2016-02-22 00:09:11,153 
INFO: System Event Logger Initialized.
At 2016-02-22 00:09:11,153 
INFO: Main Software Initialized.
At 2016-02-22 00:09:11,153 
INFO: Game successfully instantiated and sounds/art assets loaded.
At 2016-02-22 00:09:18,492 
INFO: Game Exited!
************************************************************
At 2016-02-22 00:09:40,845 
INFO: System Event Logger Initialized.
At 2016-02-22 00:09:40,845 
INFO: Main Software Initialized.
At 2016-02-22 00:09:40,845 
INFO: Game successfully instantiated and sounds/art assets loaded.
At 2016-02-22 00:09:49,028 
INFO: Game Exited!
************************************************************
At 2016-02-22 00:10:10,200 
INFO: System Event Logger Initialized.
At 2016-02-22 00:10:10,200 
INFO: Main Software Initialized.
At 2016-02-22 00:10:10,200 
INFO: Game successfully instantiated and sounds/art assets loaded.
At 2016-02-22 00:10:18,019 
INFO: Game Exited!
************************************************************
At 2016-02-22 00:11:08,305 
INFO: System Event Logger Initialized.
At 2016-02-22 00:11:08,305 
INFO: Main Software Initialized.
At 2016-02-22 00:11:08,305 
INFO: Game successfully instantiated and sounds/art assets loaded.
At 2016-02-22 00:14:19,523 
INFO: Game Exited!
************************************************************
At 2016-02-22 00:17:17,362 
INFO: System Event Logger Initialized.
At 2016-02-22 00:17:17,362 
INFO: Main Software Initialized.
At 2016-02-22 00:17:17,362 
INFO: Game successfully instantiated and sounds/art assets loaded.
At 2016-02-22 00:17:24,555 
INFO: Game Exited!
************************************************************
At 2016-02-22 00:17:51,170 
INFO: System Event Logger Initialized.
At 2016-02-22 00:17:51,170 
INFO: Main Software Initialized.
At 2016-02-22 00:17:51,170 
INFO: Game successfully instantiated and sounds/art assets loaded.
At 2016-02-22 00:18:01,842 
INFO: Game Exited!
************************************************************
At 2016-02-22 00:19:06,854 
INFO: System Event Logger Initialized.
At 2016-02-22 00:19:06,854 
INFO: Main Software Initialized.
At 2016-02-22 00:19:06,854 
INFO: Game successfully instantiated and sounds/art assets loaded.
At 2016-02-22 00:19:17,947 
INFO: Game Exited!
************************************************************
At 2016-02-22 00:19:27,187 
INFO: System Event Logger Initialized.
At 2016-02-22 00:19:27,187 
INFO: Main Software Initialized.
At 2016-02-22 00:19:27,187 
INFO: Game successfully instantiated and sounds/art assets loaded.
At 2016-02-22 00:19:35,131 
INFO: Game Exited!
************************************************************
At 2016-02-22 00:19:58,157 
INFO: System Event Logger Initialized.
At 2016-02-22 00:19:58,157 
INFO: Main Software Initialized.
At 2016-02-22 00:19:58,157 
INFO: Game successfully instantiated and sounds/art assets loaded.
At 2016-02-22 00:20:53,732 
INFO: Game Exited!
************************************************************
At 2016-02-22 00:22:06,900 
INFO: System Event Logger Initialized.
At 2016-02-22 00:22:06,900 
INFO: Main Software Initialized.
At 2016-02-22 00:22:06,900 
INFO: Game successfully instantiated and sounds/art assets loaded.
At 2016-02-22 00:22:14,443 
INFO: Game Exited!
************************************************************
At 2016-02-22 00:26:51,930 
INFO: System Event Logger Initialized.
At 2016-02-22 00:26:51,930 
INFO: Main Software Initialized.
At 2016-02-22 00:26:51,930 
INFO: Game successfully instantiated and sounds/art assets loaded.
At 2016-02-22 00:27:10,881 
INFO: System Event Logger Initialized.
At 2016-02-22 00:27:10,881 
INFO: Main Software Initialized.
At 2016-02-22 00:27:10,881 
INFO: Game successfully instantiated and sounds/art assets loaded.
At 2016-02-22 00:27:32,131 
INFO: Game Exited!
************************************************************
At 2016-02-22 00:27:43,078 
INFO: System Event Logger Initialized.
At 2016-02-22 00:27:43,078 
INFO: Main Software Initialized.
At 2016-02-22 00:27:43,078 
INFO: Game successfully instantiated and sounds/art assets loaded.
At 2016-02-22 00:27:49,516 
INFO: Game Exited!
************************************************************
At 2016-02-22 00:31:57,068 
INFO: System Event Logger Initialized.
At 2016-02-22 00:31:57,069 
INFO: Main Software Initialized.
At 2016-02-22 00:31:57,069 
INFO: Game successfully instantiated and sounds/art assets loaded.
At 2016-02-22 00:32:03,045 
INFO: Game Exited!
************************************************************
At 2016-02-22 00:40:00,651 
INFO: Game Exited!
************************************************************
At 2016-02-22 00:51:03,911 
INFO: System Event Logger Initialized.
At 2016-02-22 00:51:03,911 
INFO: Main Software Initialized.
At 2016-02-22 00:51:03,911 
INFO: Game successfully instantiated and sounds/art assets loaded.
At 2016-02-22 00:51:19,203 
INFO: Game Exited!
************************************************************
At 2016-02-22 00:52:55,197 
INFO: System Event Logger Initialized.
At 2016-02-22 00:52:55,197 
INFO: Main Software Initialized.
At 2016-02-22 00:52:55,197 
INFO: Game successfully instantiated and sounds/art assets loaded.
At 2016-02-22 00:53:10,690 
INFO: Game Exited!
************************************************************
At 2016-02-22 00:54:51,253 
INFO: System Event Logger Initialized.
At 2016-02-22 00:54:51,253 
INFO: Main Software Initialized.
At 2016-02-22 00:54:51,253 
INFO: Game successfully instantiated and sounds/art assets loaded.
At 2016-02-22 00:55:00,059 
INFO: Game Exited!
************************************************************
At 2016-02-22 00:56:36,572 
INFO: System Event Logger Initialized.
At 2016-02-22 00:56:36,572 
INFO: Main Software Initialized.
At 2016-02-22 00:56:36,572 
INFO: Game successfully instantiated and sounds/art assets loaded.
At 2016-02-22 00:56:39,627 
INFO: Game Exited!
************************************************************
At 2016-02-22 00:56:41,170 
INFO: System Event Logger Initialized.
At 2016-02-22 00:56:41,170 
INFO: Main Software Initialized.
At 2016-02-22 00:56:41,170 
INFO: Game successfully instantiated and sounds/art assets loaded.
At 2016-02-22 00:58:31,236 
INFO: System Event Logger Initialized.
At 2016-02-22 00:58:31,236 
INFO: Main Software Initialized.
At 2016-02-22 00:58:31,236 
INFO: Game successfully instantiated and sounds/art assets loaded.
At 2016-02-22 00:59:11,112 
INFO: System Event Logger Initialized.
At 2016-02-22 00:59:11,112 
INFO: Main Software Initialized.
At 2016-02-22 00:59:11,112 
INFO: Game successfully instantiated and sounds/art assets loaded.
At 2016-02-22 00:59:13,276 
INFO: Game Exited!
************************************************************
At 2016-02-22 00:59:50,411 
INFO: System Event Logger Initialized.
At 2016-02-22 00:59:50,411 
INFO: Main Software Initialized.
At 2016-02-22 00:59:50,411 
INFO: Game successfully instantiated and sounds/art assets loaded.
At 2016-02-22 00:59:54,851 
INFO: Game Exited!
************************************************************
At 2016-02-22 01:00:02,345 
INFO: System Event Logger Initialized.
At 2016-02-22 01:00:02,345 
INFO: Main Software Initialized.
At 2016-02-22 01:00:02,345 
INFO: Game successfully instantiated and sounds/art assets loaded.
At 2016-02-22 01:00:04,556 
INFO: Game Exited!
************************************************************
At 2016-02-22 01:00:40,917 
INFO: System Event Logger Initialized.
At 2016-02-22 01:00:40,917 
INFO: Main Software Initialized.
At 2016-02-22 01:00:40,917 
INFO: Game successfully instantiated and sounds/art assets loaded.
At 2016-02-22 01:00:43,148 
INFO: Game Exited!
************************************************************
At 2016-02-22 01:00:51,059 
INFO: System Event Logger Initialized.
At 2016-02-22 01:00:51,059 
INFO: Main Software Initialized.
At 2016-02-22 01:00:51,061 
INFO: Game successfully instantiated and sounds/art assets loaded.
At 2016-02-22 01:00:53,581 
INFO: Game Exited!
************************************************************
At 2016-02-22 01:02:07,098 
INFO: System Event Logger Initialized.
At 2016-02-22 01:02:07,098 
INFO: Main Software Initialized.
At 2016-02-22 01:02:07,098 
INFO: Game successfully instantiated and sounds/art assets loaded.
At 2016-02-22 01:02:10,907 
INFO: Game Exited!
************************************************************
At 2016-02-22 01:02:29,411 
INFO: System Event Logger Initialized.
At 2016-02-22 01:02:29,411 
INFO: Main Software Initialized.
At 2016-02-22 01:02:29,411 
INFO: Game successfully instantiated and sounds/art assets loaded.
At 2016-02-22 01:02:31,355 
INFO: Game Exited!
************************************************************
At 2016-02-22 01:05:18,941 
INFO: System Event Logger Initialized.
At 2016-02-22 01:05:18,941 
INFO: Main Software Initialized.
At 2016-02-22 01:05:18,941 
INFO: Game successfully instantiated and sounds/art assets loaded.
At 2016-02-22 01:05:21,260 
INFO: Game Exited!
************************************************************
At 2016-02-22 01:06:28,315 
INFO: System Event Logger Initialized.
At 2016-02-22 01:06:28,315 
INFO: Main Software Initialized.
At 2016-02-22 01:06:28,315 
INFO: Game successfully instantiated and sounds/art assets loaded.
At 2016-02-22 01:06:30,229 
INFO: Game Exited!
************************************************************
At 2016-02-22 01:06:47,956 
INFO: System Event Logger Initialized.
At 2016-02-22 01:06:47,956 
INFO: Main Software Initialized.
At 2016-02-22 01:06:47,956 
INFO: Game successfully instantiated and sounds/art assets loaded.
At 2016-02-22 01:06:51,309 
INFO: Game Exited!
************************************************************
At 2016-02-22 01:09:40,303 
INFO: System Event Logger Initialized.
At 2016-02-22 01:09:40,305 
INFO: Main Software Initialized.
At 2016-02-22 01:09:40,305 
INFO: Game successfully instantiated and sounds/art assets loaded.
At 2016-02-22 01:09:42,812 
INFO: Game Exited!
************************************************************
At 2016-02-22 01:09:46,713 
INFO: System Event Logger Initialized.
At 2016-02-22 01:09:46,713 
INFO: Main Software Initialized.
At 2016-02-22 01:09:46,713 
INFO: Game successfully instantiated and sounds/art assets loaded.
At 2016-02-22 01:10:40,539 
INFO: Game Exited!
************************************************************
At 2016-02-22 01:12:27,003 
INFO: Game Exited!
************************************************************
At 2016-02-22 01:12:28,499 
INFO: Game Exited!
************************************************************
At 2016-02-22 01:14:34,346 
INFO: System Event Logger Initialized.
At 2016-02-22 01:14:34,346 
INFO: Main Software Initialized.
At 2016-02-22 01:14:34,346 
INFO: Game successfully instantiated and sounds/art assets loaded.
At 2016-02-22 01:14:41,819 
INFO: Game Exited!
************************************************************
At 2016-02-22 01:18:56,493 
INFO: System Event Logger Initialized.
At 2016-02-22 01:18:56,493 
INFO: Main Software Initialized.
At 2016-02-22 01:18:56,493 
INFO: Game successfully instantiated and sounds/art assets loaded.
At 2016-02-22 01:19:00,763 
INFO: Game Exited!
************************************************************
At 2016-02-22 01:19:14,486 
INFO: System Event Logger Initialized.
At 2016-02-22 01:19:14,487 
INFO: Main Software Initialized.
At 2016-02-22 01:19:14,487 
INFO: Game successfully instantiated and sounds/art assets loaded.
At 2016-02-22 01:19:54,066 
INFO: Game Exited!
************************************************************
At 2016-02-22 01:20:57,263 
INFO: System Event Logger Initialized.
At 2016-02-22 01:20:57,263 
INFO: Main Software Initialized.
At 2016-02-22 01:20:57,263 
INFO: Game successfully instantiated and sounds/art assets loaded.
At 2016-02-22 01:21:01,707 
INFO: Game Exited!
************************************************************
At 2016-02-22 01:21:26,267 
INFO: System Event Logger Initialized.
At 2016-02-22 01:21:26,267 
INFO: Main Software Initialized.
At 2016-02-22 01:21:26,267 
INFO: Game successfully instantiated and sounds/art assets loaded.
At 2016-02-22 01:21:37,842 
INFO: Game Exited!
************************************************************
At 2016-02-22 01:22:15,819 
INFO: System Event Logger Initialized.
At 2016-02-22 01:22:15,819 
INFO: Main Software Initialized.
At 2016-02-22 01:22:15,819 
INFO: Game successfully instantiated and sounds/art assets loaded.
At 2016-02-22 01:22:20,578 
INFO: Game Exited!
************************************************************
At 2016-02-22 01:23:10,062 
INFO: System Event Logger Initialized.
At 2016-02-22 01:23:10,062 
INFO: Main Software Initialized.
At 2016-02-22 01:23:10,062 
INFO: Game successfully instantiated and sounds/art assets loaded.
At 2016-02-22 01:23:13,052 
INFO: Game Exited!
************************************************************
At 2016-02-22 01:24:25,352 
INFO: System Event Logger Initialized.
At 2016-02-22 01:24:25,352 
INFO: Main Software Initialized.
At 2016-02-22 01:24:25,352 
INFO: Game successfully instantiated and sounds/art assets loaded.
At 2016-02-22 01:25:04,131 
INFO: Game Exited!
************************************************************
At 2016-02-22 01:28:35,073 
INFO: System Event Logger Initialized.
At 2016-02-22 01:28:35,073 
INFO: Main Software Initialized.
At 2016-02-22 01:28:35,073 
INFO: Game successfully instantiated and sounds/art assets loaded.
At 2016-02-22 01:28:52,819 
INFO: Game Exited!
************************************************************
At 2016-02-22 01:28:56,694 
INFO: System Event Logger Initialized.
At 2016-02-22 01:28:56,694 
INFO: Main Software Initialized.
At 2016-02-22 01:28:56,694 
INFO: Game successfully instantiated and sounds/art assets loaded.
At 2016-02-22 01:29:01,043 
INFO: Game Exited!
************************************************************
At 2016-02-22 01:31:19,265 
INFO: System Event Logger Initialized.
At 2016-02-22 01:31:19,265 
INFO: Main Software Initialized.
At 2016-02-22 01:31:19,265 
INFO: Game successfully instantiated and sounds/art assets loaded.
At 2016-02-22 01:31:54,923 
INFO: Game Exited!
************************************************************
At 2016-02-22 01:31:56,349 
INFO: System Event Logger Initialized.
At 2016-02-22 01:31:56,349 
INFO: Main Software Initialized.
At 2016-02-22 01:31:56,349 
INFO: Game successfully instantiated and sounds/art assets loaded.
At 2016-02-22 01:32:05,107 
INFO: Game Exited!
************************************************************
At 2016-02-22 02:13:14,755 
INFO: System Event Logger Initialized.
At 2016-02-22 02:13:14,770 
INFO: Main Software Initialized.
At 2016-02-22 02:13:14,770 
INFO: Game successfully instantiated and sounds/art assets loaded.
At 2016-02-22 02:14:05,259 
INFO: Game Exited!
************************************************************
At 2016-02-22 02:14:22,410 
INFO: System Event Logger Initialized.
At 2016-02-22 02:14:22,410 
INFO: Main Software Initialized.
At 2016-02-22 02:14:22,410 
INFO: Game successfully instantiated and sounds/art assets loaded.
At 2016-02-22 02:15:05,851 
INFO: Game Exited!
************************************************************
At 2016-02-22 02:18:12,805 
INFO: System Event Logger Initialized.
At 2016-02-22 02:18:12,805 
INFO: Main Software Initialized.
At 2016-02-22 02:18:12,805 
INFO: Game successfully instantiated and sounds/art assets loaded.
At 2016-02-22 02:18:47,346 
INFO: Game Exited!
************************************************************
At 2016-02-22 02:18:52,545 
INFO: System Event Logger Initialized.
At 2016-02-22 02:18:52,545 
INFO: Main Software Initialized.
At 2016-02-22 02:18:52,545 
INFO: Game successfully instantiated and sounds/art assets loaded.
At 2016-02-22 02:19:08,266 
INFO: Game Exited!
************************************************************
At 2016-02-22 02:20:04,605 
INFO: System Event Logger Initialized.
At 2016-02-22 02:20:04,605 
INFO: Main Software Initialized.
At 2016-02-22 02:20:04,605 
INFO: Game successfully instantiated and sounds/art assets loaded.
At 2016-02-22 02:21:08,368 
INFO: Game Exited!
************************************************************
At 2016-02-22 02:21:25,190 
INFO: System Event Logger Initialized.
At 2016-02-22 02:21:25,190 
INFO: Main Software Initialized.
At 2016-02-22 02:21:25,190 
INFO: Game successfully instantiated and sounds/art assets loaded.
At 2016-02-22 02:21:47,523 
INFO: Game Exited!
************************************************************
At 2016-02-22 02:22:12,926 
INFO: System Event Logger Initialized.
At 2016-02-22 02:22:12,926 
INFO: Main Software Initialized.
At 2016-02-22 02:22:12,926 
INFO: Game successfully instantiated and sounds/art assets loaded.
At 2016-02-22 02:22:24,811 
INFO: Game Exited!
************************************************************
At 2016-02-22 02:22:33,171 
INFO: System Event Logger Initialized.
At 2016-02-22 02:22:33,171 
INFO: Main Software Initialized.
At 2016-02-22 02:22:33,171 
INFO: Game successfully instantiated and sounds/art assets loaded.
At 2016-02-22 02:22:51,243 
INFO: Game Exited!
************************************************************
At 2016-02-22 09:17:38,586 
INFO: System Event Logger Initialized.
At 2016-02-22 09:17:38,588 
INFO: Main Software Initialized.
At 2016-02-22 09:17:38,588 
INFO: Game successfully instantiated and sounds/art assets loaded.
At 2016-02-22 09:20:52,223 
INFO: Game Exited!
************************************************************
At 2016-02-22 09:21:34,190 
INFO: System Event Logger Initialized.
At 2016-02-22 09:21:34,190 
INFO: Main Software Initialized.
At 2016-02-22 09:21:34,190 
INFO: Game successfully instantiated and sounds/art assets loaded.
At 2016-02-22 09:22:46,747 
INFO: Game Exited!
************************************************************
At 2016-02-22 09:25:28,743 
INFO: System Event Logger Initialized.
At 2016-02-22 09:25:28,743 
INFO: Main Software Initialized.
At 2016-02-22 09:25:28,743 
INFO: Game successfully instantiated and sounds/art assets loaded.
At 2016-02-22 09:26:47,180 
INFO: Game Exited!
************************************************************
At 2016-02-22 09:26:59,848 
INFO: System Event Logger Initialized.
At 2016-02-22 09:26:59,849 
INFO: Main Software Initialized.
At 2016-02-22 09:26:59,849 
INFO: Game successfully instantiated and sounds/art assets loaded.
At 2016-02-22 09:27:06,895 
INFO: Game Exited!
************************************************************
At 2016-02-22 09:27:19,757 
INFO: System Event Logger Initialized.
At 2016-02-22 09:27:19,757 
INFO: Main Software Initialized.
At 2016-02-22 09:27:19,757 
INFO: Game successfully instantiated and sounds/art assets loaded.
At 2016-02-22 09:27:54,595 
INFO: Game Exited!
************************************************************
At 2016-02-22 09:28:00,730 
INFO: System Event Logger Initialized.
At 2016-02-22 09:28:00,730 
INFO: Main Software Initialized.
At 2016-02-22 09:28:00,730 
INFO: Game successfully instantiated and sounds/art assets loaded.
At 2016-02-22 09:28:13,351 
INFO: Game Exited!
************************************************************
At 2016-02-22 09:28:21,598 
INFO: System Event Logger Initialized.
At 2016-02-22 09:28:21,598 
INFO: Main Software Initialized.
At 2016-02-22 09:28:21,598 
INFO: Game successfully instantiated and sounds/art assets loaded.
At 2016-02-22 09:28:47,411 
INFO: Game Exited!
************************************************************
At 2016-02-22 09:31:03,132 
INFO: System Event Logger Initialized.
At 2016-02-22 09:31:03,134 
INFO: Main Software Initialized.
At 2016-02-22 09:31:03,134 
INFO: Game successfully instantiated and sounds/art assets loaded.
At 2016-02-22 09:32:52,782 
INFO: Game Exited!
************************************************************
At 2016-02-22 09:33:37,563 
INFO: System Event Logger Initialized.
At 2016-02-22 09:33:37,563 
INFO: Main Software Initialized.
At 2016-02-22 09:33:37,563 
INFO: Game successfully instantiated and sounds/art assets loaded.
At 2016-02-22 09:33:39,779 
INFO: Game Exited!
************************************************************
At 2016-02-22 09:34:51,812 
INFO: System Event Logger Initialized.
At 2016-02-22 09:34:51,812 
INFO: Main Software Initialized.
At 2016-02-22 09:34:51,812 
INFO: Game successfully instantiated and sounds/art assets loaded.
At 2016-02-22 09:36:31,253 
INFO: Game Exited!
************************************************************
At 2016-02-22 09:37:20,367 
INFO: System Event Logger Initialized.
At 2016-02-22 09:37:20,368 
INFO: Main Software Initialized.
At 2016-02-22 09:37:20,368 
INFO: Game successfully instantiated and sounds/art assets loaded.
At 2016-02-22 09:39:14,588 
INFO: Game Exited!
************************************************************
At 2016-02-22 15:31:01,568 
INFO: System Event Logger Initialized.
At 2016-02-22 15:31:01,568 
INFO: Main Software Initialized.
At 2016-02-22 15:31:01,568 
INFO: Game successfully instantiated and sounds/art assets loaded.
At 2016-02-22 15:31:03,447 
INFO: Game Exited!
************************************************************
At 2016-02-22 15:36:12,765 
INFO: System Event Logger Initialized.
At 2016-02-22 15:36:12,765 
INFO: Main Software Initialized.
At 2016-02-22 15:36:12,765 
INFO: Game successfully instantiated and sounds/art assets loaded.
At 2016-02-22 15:36:26,289 
INFO: Game Exited!
************************************************************
At 2016-02-22 15:36:33,329 
INFO: System Event Logger Initialized.
At 2016-02-22 15:36:33,329 
INFO: Main Software Initialized.
At 2016-02-22 15:36:33,329 
INFO: Game successfully instantiated and sounds/art assets loaded.
At 2016-02-22 15:37:26,423 
INFO: System Event Logger Initialized.
At 2016-02-22 15:37:26,423 
INFO: Main Software Initialized.
At 2016-02-22 15:37:26,423 
INFO: Game successfully instantiated and sounds/art assets loaded.
At 2016-02-22 15:39:12,990 
INFO: System Event Logger Initialized.
At 2016-02-22 15:39:12,990 
INFO: Main Software Initialized.
At 2016-02-22 15:39:12,990 
INFO: Game successfully instantiated and sounds/art assets loaded.
At 2016-02-22 15:49:04,930 
INFO: System Event Logger Initialized.
At 2016-02-22 15:49:04,930 
INFO: Main Software Initialized.
At 2016-02-22 15:49:04,930 
INFO: Game successfully instantiated and sounds/art assets loaded.
At 2016-02-22 15:49:35,898 
INFO: System Event Logger Initialized.
At 2016-02-22 15:49:35,898 
INFO: Main Software Initialized.
At 2016-02-22 15:49:35,898 
INFO: Game successfully instantiated and sounds/art assets loaded.
At 2016-02-22 15:50:31,862 
INFO: System Event Logger Initialized.
At 2016-02-22 15:50:31,862 
INFO: Main Software Initialized.
At 2016-02-22 15:50:31,862 
INFO: Game successfully instantiated and sounds/art assets loaded.
At 2016-02-22 15:50:50,403 
INFO: Game Exited!
************************************************************
At 2016-02-22 15:51:47,450 
INFO: System Event Logger Initialized.
At 2016-02-22 15:51:47,450 
INFO: Main Software Initialized.
At 2016-02-22 15:51:47,450 
INFO: Game successfully instantiated and sounds/art assets loaded.
At 2016-02-22 15:51:48,752 
INFO: System Event Logger Initialized.
At 2016-02-22 15:51:48,752 
INFO: Main Software Initialized.
At 2016-02-22 15:51:48,752 
INFO: Game successfully instantiated and sounds/art assets loaded.
At 2016-02-22 15:51:49,724 
INFO: System Event Logger Initialized.
At 2016-02-22 15:51:49,724 
INFO: Main Software Initialized.
At 2016-02-22 15:51:49,724 
INFO: Game successfully instantiated and sounds/art assets loaded.
At 2016-02-22 15:52:02,007 
INFO: System Event Logger Initialized.
At 2016-02-22 15:52:02,007 
INFO: Main Software Initialized.
At 2016-02-22 15:52:02,007 
INFO: Game successfully instantiated and sounds/art assets loaded.
At 2016-02-22 15:53:33,796 
INFO: System Event Logger Initialized.
At 2016-02-22 15:53:33,796 
INFO: Main Software Initialized.
At 2016-02-22 15:53:33,796 
INFO: Game successfully instantiated and sounds/art assets loaded.
At 2016-02-22 15:53:35,076 
INFO: System Event Logger Initialized.
At 2016-02-22 15:53:35,076 
INFO: Main Software Initialized.
At 2016-02-22 15:53:35,076 
INFO: Game successfully instantiated and sounds/art assets loaded.
At 2016-02-22 15:53:59,871 
INFO: System Event Logger Initialized.
At 2016-02-22 15:53:59,871 
INFO: Main Software Initialized.
At 2016-02-22 15:53:59,871 
INFO: Game successfully instantiated and sounds/art assets loaded.
At 2016-02-22 15:54:45,835 
INFO: System Event Logger Initialized.
At 2016-02-22 15:54:45,835 
INFO: Main Software Initialized.
At 2016-02-22 15:54:45,835 
INFO: Game successfully instantiated and sounds/art assets loaded.
At 2016-02-22 15:54:46,921 
INFO: System Event Logger Initialized.
At 2016-02-22 15:54:46,921 
INFO: Main Software Initialized.
At 2016-02-22 15:54:46,921 
INFO: Game successfully instantiated and sounds/art assets loaded.
At 2016-02-22 15:57:56,388 
INFO: System Event Logger Initialized.
At 2016-02-22 15:57:56,388 
INFO: Main Software Initialized.
At 2016-02-22 15:57:56,388 
INFO: Game successfully instantiated and sounds/art assets loaded.
At 2016-02-22 15:57:57,803 
INFO: System Event Logger Initialized.
At 2016-02-22 15:57:57,803 
INFO: Main Software Initialized.
At 2016-02-22 15:57:57,803 
INFO: Game successfully instantiated and sounds/art assets loaded.
At 2016-02-22 15:57:59,861 
INFO: System Event Logger Initialized.
At 2016-02-22 15:57:59,861 
INFO: Main Software Initialized.
At 2016-02-22 15:57:59,861 
INFO: Game successfully instantiated and sounds/art assets loaded.
At 2016-02-22 15:58:01,512 
INFO: System Event Logger Initialized.
At 2016-02-22 15:58:01,512 
INFO: Main Software Initialized.
At 2016-02-22 15:58:01,512 
INFO: Game successfully instantiated and sounds/art assets loaded.
At 2016-02-22 15:58:09,220 
INFO: System Event Logger Initialized.
At 2016-02-22 15:58:09,220 
INFO: Main Software Initialized.
At 2016-02-22 15:58:09,220 
INFO: Game successfully instantiated and sounds/art assets loaded.
At 2016-02-22 15:58:24,575 
INFO: Game Exited!
************************************************************
At 2016-02-22 15:59:02,951 
INFO: System Event Logger Initialized.
At 2016-02-22 15:59:02,951 
INFO: Main Software Initialized.
At 2016-02-22 15:59:02,951 
INFO: Game successfully instantiated and sounds/art assets loaded.
At 2016-02-22 16:02:07,286 
INFO: Game Exited!
************************************************************
At 2016-02-22 16:02:18,532 
INFO: System Event Logger Initialized.
At 2016-02-22 16:02:18,532 
INFO: Main Software Initialized.
At 2016-02-22 16:02:18,532 
INFO: Game successfully instantiated and sounds/art assets loaded.
At 2016-02-22 16:02:32,861 
INFO: Game Exited!
************************************************************
At 2016-02-22 16:52:07,717 
INFO: System Event Logger Initialized.
At 2016-02-22 16:52:07,747 
INFO: Main Software Initialized.
At 2016-02-22 16:52:07,747 
INFO: Game successfully instantiated and sounds/art assets loaded.
At 2016-02-22 16:53:16,513 
INFO: Game Exited!
************************************************************
At 2016-02-22 16:57:00,904 
INFO: System Event Logger Initialized.
At 2016-02-22 16:57:00,904 
INFO: Main Software Initialized.
At 2016-02-22 16:57:00,904 
INFO: Game successfully instantiated and sounds/art assets loaded.
At 2016-02-22 16:58:11,390 
INFO: Game Exited!
************************************************************
At 2016-02-22 17:11:33,184 
INFO: System Event Logger Initialized.
At 2016-02-22 17:11:33,184 
INFO: Main Software Initialized.
At 2016-02-22 17:11:33,184 
INFO: Game successfully instantiated and sounds/art assets loaded.
At 2016-02-22 17:11:51,690 
INFO: Game Exited!
************************************************************
At 2016-02-22 17:12:28,463 
INFO: System Event Logger Initialized.
At 2016-02-22 17:12:28,463 
INFO: Main Software Initialized.
At 2016-02-22 17:12:28,463 
INFO: Game successfully instantiated and sounds/art assets loaded.
At 2016-02-22 17:12:47,417 
INFO: Game Exited!
************************************************************
At 2016-02-22 17:15:33,437 
INFO: System Event Logger Initialized.
At 2016-02-22 17:15:33,437 
INFO: Main Software Initialized.
At 2016-02-22 17:15:33,437 
INFO: Game successfully instantiated and sounds/art assets loaded.
At 2016-02-22 17:17:49,862 
INFO: Game Exited!
************************************************************
At 2016-02-22 17:30:38,525 
INFO: System Event Logger Initialized.
At 2016-02-22 17:30:38,525 
INFO: Main Software Initialized.
At 2016-02-22 17:30:38,525 
INFO: Game successfully instantiated and sounds/art assets loaded.
At 2016-02-22 17:31:06,150 
INFO: Game Exited!
************************************************************
At 2016-02-22 17:33:37,502 
INFO: System Event Logger Initialized.
At 2016-02-22 17:33:37,502 
INFO: Main Software Initialized.
At 2016-02-22 17:33:37,502 
INFO: Game successfully instantiated and sounds/art assets loaded.
At 2016-02-22 17:34:01,822 
INFO: Game Exited!
************************************************************
At 2016-02-22 17:35:02,081 
INFO: System Event Logger Initialized.
At 2016-02-22 17:35:02,081 
INFO: Main Software Initialized.
At 2016-02-22 17:35:02,081 
INFO: Game successfully instantiated and sounds/art assets loaded.
At 2016-02-22 17:35:23,076 
INFO: Game Exited!
************************************************************
At 2016-02-22 17:54:49,414 
INFO: System Event Logger Initialized.
At 2016-02-22 17:54:49,414 
INFO: Main Software Initialized.
At 2016-02-22 17:54:49,414 
INFO: Game successfully instantiated and sounds/art assets loaded.
At 2016-02-22 17:57:23,645 
INFO: Game Exited!
************************************************************
At 2016-02-22 18:24:38,316 
INFO: System Event Logger Initialized.
At 2016-02-22 18:24:38,316 
INFO: Main Software Initialized.
At 2016-02-22 18:24:38,316 
INFO: Game successfully instantiated and sounds/art assets loaded.
At 2016-02-22 18:29:01,279 
INFO: Game Exited!
************************************************************
At 2016-02-22 18:46:33,049 
INFO: System Event Logger Initialized.
At 2016-02-22 18:46:33,049 
INFO: Main Software Initialized.
At 2016-02-22 18:46:33,049 
INFO: Game successfully instantiated and sounds/art assets loaded.
At 2016-02-22 18:47:11,526 
INFO: Game Exited!
************************************************************
At 2016-02-22 18:47:30,650 
INFO: System Event Logger Initialized.
At 2016-02-22 18:47:30,650 
INFO: Main Software Initialized.
At 2016-02-22 18:47:30,650 
INFO: Game successfully instantiated and sounds/art assets loaded.
At 2016-02-22 18:48:17,920 
INFO: System Event Logger Initialized.
At 2016-02-22 18:48:17,920 
INFO: Main Software Initialized.
At 2016-02-22 18:48:17,920 
INFO: Game successfully instantiated and sounds/art assets loaded.
At 2016-02-22 18:48:22,734 
INFO: Game Exited!
************************************************************
At 2016-02-22 18:48:54,125 
INFO: Game Exited!
************************************************************
At 2016-02-22 18:49:21,936 
INFO: System Event Logger Initialized.
At 2016-02-22 18:49:21,936 
INFO: Main Software Initialized.
At 2016-02-22 18:49:21,936 
INFO: Game successfully instantiated and sounds/art assets loaded.
At 2016-02-22 18:49:27,470 
INFO: Game Exited!
************************************************************
At 2016-02-22 18:54:19,644 
INFO: System Event Logger Initialized.
At 2016-02-22 18:54:19,644 
INFO: Main Software Initialized.
At 2016-02-22 18:54:19,644 
INFO: Game successfully instantiated and sounds/art assets loaded.
At 2016-02-22 18:54:31,111 
INFO: Game Exited!
************************************************************
At 2016-02-22 19:16:05,974 
INFO: System Event Logger Initialized.
At 2016-02-22 19:16:05,974 
INFO: Main Software Initialized.
At 2016-02-22 19:16:05,974 
INFO: Game successfully instantiated and sounds/art assets loaded.
At 2016-02-22 19:18:04,795 
INFO: System Event Logger Initialized.
At 2016-02-22 19:18:04,795 
INFO: Main Software Initialized.
At 2016-02-22 19:18:04,795 
INFO: Game successfully instantiated and sounds/art assets loaded.
At 2016-02-22 19:18:08,059 
INFO: Game Exited!
************************************************************
At 2016-02-22 19:18:53,615 
INFO: Game Exited!
************************************************************
At 2016-02-22 19:19:06,966 
INFO: System Event Logger Initialized.
At 2016-02-22 19:19:06,966 
INFO: Main Software Initialized.
At 2016-02-22 19:19:06,966 
INFO: Game successfully instantiated and sounds/art assets loaded.
At 2016-02-22 19:21:10,619 
INFO: System Event Logger Initialized.
At 2016-02-22 19:21:10,619 
INFO: Main Software Initialized.
At 2016-02-22 19:21:10,619 
INFO: Game successfully instantiated and sounds/art assets loaded.
At 2016-02-22 19:21:14,484 
INFO: Game Exited!
************************************************************
At 2016-02-22 19:22:12,433 
INFO: Game Exited!
************************************************************
At 2016-02-22 19:25:14,635 
INFO: System Event Logger Initialized.
At 2016-02-22 19:25:14,635 
INFO: Main Software Initialized.
At 2016-02-22 19:25:14,635 
INFO: Game successfully instantiated and sounds/art assets loaded.
At 2016-02-22 19:26:10,002 
INFO: Game Exited!
************************************************************
At 2016-02-22 19:28:14,536 
INFO: System Event Logger Initialized.
At 2016-02-22 19:28:14,538 
INFO: Main Software Initialized.
At 2016-02-22 19:28:14,538 
INFO: Game successfully instantiated and sounds/art assets loaded.
At 2016-02-22 19:30:02,424 
INFO: Game Exited!
************************************************************
At 2016-02-22 19:43:05,516 
INFO: System Event Logger Initialized.
At 2016-02-22 19:43:05,516 
INFO: Main Software Initialized.
At 2016-02-22 19:43:05,516 
INFO: Game successfully instantiated and sounds/art assets loaded.
At 2016-02-22 19:43:56,066 
INFO: Game Exited!
************************************************************
At 2016-02-22 19:53:03,206 
INFO: System Event Logger Initialized.
At 2016-02-22 19:53:03,206 
INFO: Main Software Initialized.
At 2016-02-22 19:53:03,206 
INFO: Game successfully instantiated and sounds/art assets loaded.
At 2016-02-22 20:00:17,552 
INFO: Game Exited!
************************************************************
At 2016-02-22 20:06:32,851 
INFO: System Event Logger Initialized.
At 2016-02-22 20:06:32,851 
INFO: Main Software Initialized.
At 2016-02-22 20:06:32,851 
INFO: Game successfully instantiated and sounds/art assets loaded.
At 2016-02-22 20:07:08,289 
INFO: Game Exited!
************************************************************
At 2016-02-22 20:07:25,923 
INFO: System Event Logger Initialized.
At 2016-02-22 20:07:25,923 
INFO: Main Software Initialized.
At 2016-02-22 20:07:25,923 
INFO: Game successfully instantiated and sounds/art assets loaded.
At 2016-02-22 20:08:03,904 
INFO: Game Exited!
************************************************************
At 2016-02-22 20:09:24,464 
INFO: System Event Logger Initialized.
At 2016-02-22 20:09:24,464 
INFO: Main Software Initialized.
At 2016-02-22 20:09:24,464 
INFO: Game successfully instantiated and sounds/art assets loaded.
At 2016-02-22 20:10:04,598 
INFO: Game Exited!
************************************************************
At 2016-02-22 20:10:35,211 
INFO: System Event Logger Initialized.
At 2016-02-22 20:10:35,211 
INFO: Main Software Initialized.
At 2016-02-22 20:10:35,211 
INFO: Game successfully instantiated and sounds/art assets loaded.
At 2016-02-22 20:10:51,305 
INFO: Game Exited!
************************************************************
At 2016-02-22 20:11:17,509 
INFO: System Event Logger Initialized.
At 2016-02-22 20:11:17,509 
INFO: Main Software Initialized.
At 2016-02-22 20:11:17,509 
INFO: Game successfully instantiated and sounds/art assets loaded.
At 2016-02-22 20:11:49,463 
INFO: Game Exited!
************************************************************
At 2016-02-22 20:11:54,987 
INFO: System Event Logger Initialized.
At 2016-02-22 20:11:54,987 
INFO: Main Software Initialized.
At 2016-02-22 20:11:54,987 
INFO: Game successfully instantiated and sounds/art assets loaded.
At 2016-02-22 20:12:21,967 
INFO: Game Exited!
************************************************************
At 2016-02-22 20:12:34,542 
INFO: System Event Logger Initialized.
At 2016-02-22 20:12:34,542 
INFO: Main Software Initialized.
At 2016-02-22 20:12:34,542 
INFO: Game successfully instantiated and sounds/art assets loaded.
At 2016-02-22 20:24:56,411 
INFO: System Event Logger Initialized.
At 2016-02-22 20:24:56,411 
INFO: Main Software Initialized.
At 2016-02-22 20:24:56,411 
INFO: Game successfully instantiated and sounds/art assets loaded.
At 2016-02-22 20:25:45,686 
INFO: Game Exited!
************************************************************
At 2016-02-22 20:29:35,729 
INFO: System Event Logger Initialized.
At 2016-02-22 20:29:35,729 
INFO: Main Software Initialized.
At 2016-02-22 20:29:35,729 
INFO: Game successfully instantiated and sounds/art assets loaded.
At 2016-02-22 20:34:00,874 
INFO: Game Exited!
************************************************************
At 2016-02-22 20:34:16,444 
INFO: System Event Logger Initialized.
At 2016-02-22 20:34:16,444 
INFO: Main Software Initialized.
At 2016-02-22 20:34:16,444 
INFO: Game successfully instantiated and sounds/art assets loaded.
At 2016-02-22 20:34:48,743 
INFO: Game Exited!
************************************************************
At 2016-02-22 20:36:38,961 
INFO: System Event Logger Initialized.
At 2016-02-22 20:36:38,961 
INFO: Main Software Initialized.
At 2016-02-22 20:36:38,961 
INFO: Game successfully instantiated and sounds/art assets loaded.
At 2016-02-22 20:37:04,778 
INFO: Game Exited!
************************************************************
At 2016-02-22 20:38:03,926 
INFO: System Event Logger Initialized.
At 2016-02-22 20:38:03,926 
INFO: Main Software Initialized.
At 2016-02-22 20:38:03,926 
INFO: Game successfully instantiated and sounds/art assets loaded.
At 2016-02-22 20:55:29,628 
INFO: Game Exited!
************************************************************
At 2016-02-22 20:58:22,778 
INFO: System Event Logger Initialized.
At 2016-02-22 20:58:22,793 
INFO: Main Software Initialized.
At 2016-02-22 20:58:22,793 
INFO: Game successfully instantiated and sounds/art assets loaded.
At 2016-02-22 20:59:55,417 
INFO: System Event Logger Initialized.
At 2016-02-22 20:59:55,417 
INFO: Main Software Initialized.
At 2016-02-22 20:59:55,417 
INFO: Game successfully instantiated and sounds/art assets loaded.
At 2016-02-22 21:01:05,398 
INFO: Game Exited!
************************************************************
At 2016-02-22 21:01:15,424 
INFO: Game Exited!
************************************************************
At 2016-02-22 21:01:42,230 
INFO: System Event Logger Initialized.
At 2016-02-22 21:01:42,243 
INFO: Main Software Initialized.
At 2016-02-22 21:01:42,243 
INFO: Game successfully instantiated and sounds/art assets loaded.
At 2016-02-22 21:03:44,210 
INFO: Game Exited!
************************************************************
At 2016-02-22 21:03:46,627 
INFO: System Event Logger Initialized.
At 2016-02-22 21:03:46,627 
INFO: Main Software Initialized.
At 2016-02-22 21:03:46,627 
INFO: Game successfully instantiated and sounds/art assets loaded.
At 2016-02-22 21:06:55,180 
INFO: Game Exited!
************************************************************
At 2016-02-22 21:06:57,433 
INFO: System Event Logger Initialized.
At 2016-02-22 21:06:57,433 
INFO: Main Software Initialized.
At 2016-02-22 21:06:57,433 
INFO: Game successfully instantiated and sounds/art assets loaded.
At 2016-02-22 21:09:55,933 
INFO: Game Exited!
************************************************************
At 2016-02-22 21:09:58,224 
INFO: System Event Logger Initialized.
At 2016-02-22 21:09:58,226 
INFO: Main Software Initialized.
At 2016-02-22 21:09:58,226 
INFO: Game successfully instantiated and sounds/art assets loaded.
At 2016-02-22 21:12:08,272 
INFO: Game Exited!
************************************************************
At 2016-02-22 21:12:09,595 
INFO: System Event Logger Initialized.
At 2016-02-22 21:12:09,595 
INFO: Main Software Initialized.
At 2016-02-22 21:12:09,595 
INFO: Game successfully instantiated and sounds/art assets loaded.
At 2016-02-22 21:13:21,372 
INFO: Game Exited!
************************************************************
At 2016-02-22 21:13:28,546 
INFO: System Event Logger Initialized.
At 2016-02-22 21:13:28,546 
INFO: Main Software Initialized.
At 2016-02-22 21:13:28,546 
INFO: Game successfully instantiated and sounds/art assets loaded.
At 2016-02-22 21:17:25,749 
INFO: Game Exited!
************************************************************
At 2016-02-22 21:20:42,861 
INFO: System Event Logger Initialized.
At 2016-02-22 21:20:42,861 
INFO: Main Software Initialized.
At 2016-02-22 21:20:42,861 
INFO: Game successfully instantiated and sounds/art assets loaded.
At 2016-02-22 21:24:55,836 
INFO: Game Exited!
************************************************************
At 2016-02-22 21:24:59,108 
INFO: System Event Logger Initialized.
At 2016-02-22 21:24:59,109 
INFO: Main Software Initialized.
At 2016-02-22 21:24:59,109 
INFO: Game successfully instantiated and sounds/art assets loaded.
At 2016-02-22 21:25:16,555 
INFO: Game Exited!
************************************************************
At 2016-02-22 21:27:43,023 
INFO: System Event Logger Initialized.
At 2016-02-22 21:27:43,023 
INFO: Main Software Initialized.
At 2016-02-22 21:27:43,023 
INFO: Game successfully instantiated and sounds/art assets loaded.
At 2016-02-22 21:28:19,828 
INFO: Game Exited!
************************************************************
At 2016-02-22 21:38:36,249 
INFO: System Event Logger Initialized.
At 2016-02-22 21:38:36,249 
INFO: Main Software Initialized.
At 2016-02-22 21:38:36,249 
INFO: Game successfully instantiated and sounds/art assets loaded.
At 2016-02-22 21:38:47,104 
INFO: Game Exited!
************************************************************
At 2016-02-22 21:50:53,532 
INFO: System Event Logger Initialized.
At 2016-02-22 21:50:53,532 
INFO: Main Software Initialized.
At 2016-02-22 21:50:53,532 
INFO: Game successfully instantiated and sounds/art assets loaded.
At 2016-02-22 21:51:17,661 
INFO: Game Exited!
************************************************************
At 2016-02-22 21:51:53,778 
INFO: System Event Logger Initialized.
At 2016-02-22 21:51:53,778 
INFO: Main Software Initialized.
At 2016-02-22 21:51:53,778 
INFO: Game successfully instantiated and sounds/art assets loaded.
At 2016-02-22 21:52:23,634 
INFO: Game Exited!
************************************************************
At 2016-02-22 21:53:24,936 
INFO: System Event Logger Initialized.
At 2016-02-22 21:53:24,936 
INFO: Main Software Initialized.
At 2016-02-22 21:53:24,936 
INFO: Game successfully instantiated and sounds/art assets loaded.
At 2016-02-22 21:54:24,661 
INFO: Game Exited!
************************************************************
At 2016-02-22 21:57:40,282 
INFO: System Event Logger Initialized.
At 2016-02-22 21:57:40,282 
INFO: Main Software Initialized.
At 2016-02-22 21:57:40,282 
INFO: Game successfully instantiated and sounds/art assets loaded.
At 2016-02-22 21:58:04,239 
INFO: Game Exited!
************************************************************
At 2016-02-22 22:00:26,167 
INFO: System Event Logger Initialized.
At 2016-02-22 22:00:26,167 
INFO: Main Software Initialized.
At 2016-02-22 22:00:26,167 
INFO: Game successfully instantiated and sounds/art assets loaded.
At 2016-02-22 22:00:34,200 
INFO: Game Exited!
************************************************************
At 2016-02-22 22:05:35,298 
INFO: System Event Logger Initialized.
At 2016-02-22 22:05:35,298 
INFO: Main Software Initialized.
At 2016-02-22 22:05:35,298 
INFO: Game successfully instantiated and sounds/art assets loaded.
At 2016-02-22 22:06:02,661 
INFO: Game Exited!
************************************************************
At 2016-02-22 22:10:29,904 
INFO: System Event Logger Initialized.
At 2016-02-22 22:10:29,905 
INFO: Main Software Initialized.
At 2016-02-22 22:10:29,905 
INFO: Game successfully instantiated and sounds/art assets loaded.
At 2016-02-22 22:10:42,276 
INFO: Game Exited!
************************************************************
At 2016-02-22 22:10:48,400 
INFO: System Event Logger Initialized.
At 2016-02-22 22:10:48,400 
INFO: Main Software Initialized.
At 2016-02-22 22:10:48,400 
INFO: Game successfully instantiated and sounds/art assets loaded.
At 2016-02-22 22:16:06,813 
INFO: System Event Logger Initialized.
At 2016-02-22 22:16:06,813 
INFO: Main Software Initialized.
At 2016-02-22 22:16:06,813 
INFO: Game successfully instantiated and sounds/art assets loaded.
At 2016-02-22 22:17:01,486 
INFO: Game Exited!
************************************************************
At 2016-02-22 22:27:00,240 
INFO: System Event Logger Initialized.
At 2016-02-22 22:27:00,240 
INFO: Main Software Initialized.
At 2016-02-22 22:27:00,240 
INFO: Game successfully instantiated and sounds/art assets loaded.
At 2016-02-22 22:27:21,528 
INFO: System Event Logger Initialized.
At 2016-02-22 22:27:21,528 
INFO: Main Software Initialized.
At 2016-02-22 22:27:21,528 
INFO: Game successfully instantiated and sounds/art assets loaded.
At 2016-02-22 22:27:42,719 
INFO: System Event Logger Initialized.
At 2016-02-22 22:27:42,719 
INFO: Main Software Initialized.
At 2016-02-22 22:27:42,719 
INFO: Game successfully instantiated and sounds/art assets loaded.
At 2016-02-22 22:27:53,246 
INFO: System Event Logger Initialized.
At 2016-02-22 22:27:53,246 
INFO: Main Software Initialized.
At 2016-02-22 22:27:53,246 
INFO: Game successfully instantiated and sounds/art assets loaded.
At 2016-02-22 22:28:42,759 
INFO: System Event Logger Initialized.
At 2016-02-22 22:28:42,759 
INFO: Main Software Initialized.
At 2016-02-22 22:28:42,759 
INFO: Game successfully instantiated and sounds/art assets loaded.
At 2016-02-22 22:30:08,286 
INFO: System Event Logger Initialized.
At 2016-02-22 22:30:08,286 
INFO: Main Software Initialized.
At 2016-02-22 22:30:08,286 
INFO: Game successfully instantiated and sounds/art assets loaded.
At 2016-02-22 22:30:37,025 
INFO: Game Exited!
************************************************************
At 2016-02-22 22:32:23,515 
INFO: System Event Logger Initialized.
At 2016-02-22 22:32:23,515 
INFO: Main Software Initialized.
At 2016-02-22 22:32:23,515 
INFO: Game successfully instantiated and sounds/art assets loaded.
At 2016-02-22 22:32:54,618 
INFO: System Event Logger Initialized.
At 2016-02-22 22:32:54,618 
INFO: Main Software Initialized.
At 2016-02-22 22:32:54,618 
INFO: Game successfully instantiated and sounds/art assets loaded.
At 2016-02-22 22:33:09,148 
INFO: Game Exited!
************************************************************
At 2016-02-22 22:35:15,457 
INFO: System Event Logger Initialized.
At 2016-02-22 22:35:15,457 
INFO: Main Software Initialized.
At 2016-02-22 22:35:15,457 
INFO: Game successfully instantiated and sounds/art assets loaded.
At 2016-02-22 22:35:25,568 
INFO: Game Exited!
************************************************************
At 2016-02-22 22:39:09,158 
INFO: System Event Logger Initialized.
At 2016-02-22 22:39:09,158 
INFO: Main Software Initialized.
At 2016-02-22 22:39:09,158 
INFO: Game successfully instantiated and sounds/art assets loaded.
At 2016-02-22 22:39:29,053 
INFO: Game Exited!
************************************************************
At 2016-02-22 22:39:57,671 
INFO: System Event Logger Initialized.
At 2016-02-22 22:39:57,671 
INFO: Main Software Initialized.
At 2016-02-22 22:39:57,671 
INFO: Game successfully instantiated and sounds/art assets loaded.
At 2016-02-22 22:41:10,493 
INFO: Game Exited!
************************************************************
At 2016-02-22 22:43:15,842 
INFO: System Event Logger Initialized.
At 2016-02-22 22:43:15,842 
INFO: Main Software Initialized.
At 2016-02-22 22:43:15,842 
INFO: Game successfully instantiated and sounds/art assets loaded.
At 2016-02-22 22:43:31,839 
INFO: Game Exited!
************************************************************
At 2016-02-22 22:46:14,296 
INFO: System Event Logger Initialized.
At 2016-02-22 22:46:14,296 
INFO: Main Software Initialized.
At 2016-02-22 22:46:14,296 
INFO: Game successfully instantiated and sounds/art assets loaded.
At 2016-02-22 22:46:30,262 
INFO: Game Exited!
************************************************************
At 2016-02-22 23:36:08,178 
INFO: System Event Logger Initialized.
At 2016-02-22 23:36:08,178 
INFO: Main Software Initialized.
At 2016-02-22 23:36:08,178 
INFO: Game successfully instantiated and sounds/art assets loaded.
At 2016-02-22 23:36:40,944 
INFO: Game Exited!
************************************************************
At 2016-02-23 00:05:21,546 
INFO: System Event Logger Initialized.
At 2016-02-23 00:05:21,546 
INFO: Main Software Initialized.
At 2016-02-23 00:05:21,546 
INFO: Game successfully instantiated and sounds/art assets loaded.
At 2016-02-23 00:08:18,801 
INFO: Game Exited!
************************************************************
At 2016-09-17 01:38:03,292 
INFO: System Event Logger Initialized.
At 2016-09-17 01:38:03,296 
INFO: Main Software Initialized.
At 2016-09-17 01:38:03,296 
INFO: Game successfully instantiated and sounds/art assets loaded.
At 2016-09-17 01:39:27,983 
INFO: Game Exited!
************************************************************
